<?xml version="1.0" ?>
<!DOCTYPE coverage
  SYSTEM 'http://cobertura.sourceforge.net/xml/coverage-03.dtd'>
<coverage branch-rate="0.5" line-rate="1.0" timestamp="1495039850"
 version="gcovr 3.3">
 <sources>
<source>/home/slokits/Desktop/sonarDocumentation/cpp/res/cpp_coverage_testfiles</source>
 </sources>
 <packages>
  <package branch-rate="0.5" complexity="0.0" line-rate="1.0" name="">
   <classes>
    <class branch-rate="0.5" complexity="0.0" filename="main.cpp"
     line-rate="1.0" name="main_cpp">
     <methods/>
     <lines>
      <line branch="false" hits="1" number="8"/>
      <line branch="true" condition-coverage="50% (1/2)" hits="1" number="9">
       <conditions>
        <condition coverage="50%" number="0" type="jump"/>
       </conditions>
      </line>
      <line branch="true" condition-coverage="50% (2/4)" hits="3" number="10">
       <conditions>
        <condition coverage="50%" number="0" type="jump"/>
       </conditions>
      </line>
     </lines>
    </class>
    <class branch-rate="0.5" complexity="0.0" filename="tests.cpp"
     line-rate="1.0" name="tests_cpp">
     <methods/>
     <lines>
      <line branch="false" hits="3" number="14"/>
      <line branch="false" hits="1" number="17"/>
      <line branch="true" condition-coverage="50% (9/18)" hits="1"
       number="19">
       <conditions>
        <condition coverage="50%" number="0" type="jump"/>
       </conditions>
      </line>
      <line branch="false" hits="1" number="20"/>
      <line branch="false" hits="1" number="23"/>
      <line branch="true" condition-coverage="50% (2/4)" hits="2" number="24">
       <conditions>
        <condition coverage="50%" number="0" type="jump"/>
       </conditions>
      </line>
      <line branch="true" condition-coverage="50% (1/2)" hits="2" number="25">
       <conditions>
        <condition coverage="50%" number="0" type="jump"/>
       </conditions>
      </line>
      <line branch="true" condition-coverage="50% (1/2)" hits="1" number="26">
       <conditions>
        <condition coverage="50%" number="0" type="jump"/>
       </conditions>
      </line>
      <line branch="true" condition-coverage="50% (2/4)" hits="4" number="27">
       <conditions>
        <condition coverage="50%" number="0" type="jump"/>
       </conditions>
      </line>
     </lines>
    </class>
   </classes>
  </package>
 </packages>
</coverage>

